<?xml version="1.0" encoding="UTF-8"?>
<testsuite xmlns:xsi="http://www.w3.org/2001/XMLSchema-instance" xsi:noNamespaceSchemaLocation="https://maven.apache.org/surefire/maven-surefire-plugin/xsd/surefire-test-report-3.0.xsd" version="3.0" name="backend.academy.components.FractalImageTest" time="0.036" tests="6" errors="0" skipped="0" failures="0">
  <properties>
[...]
</properties>
  <testcase name="contains_shouldReturnTrueForValidCoordinates" classname="backend.academy.components.FractalImageTest" time="0.004"/>
  <testcase name="create_shouldInitializeAllPixelsToBlack" classname="backend.academy.components.FractalImageTest" time="0.021"/>
  <testcase name="updatePixel_shouldCorrectlyUpdatePixel" classname="backend.academy.components.FractalImageTest" time="0.002"/>
  <testcase name="pixel_shouldReturnCorrectPixel" classname="backend.academy.components.FractalImageTest" time="0.001"/>
  <testcase name="contains_shouldReturnFalseForInvalidCoordinates" classname="backend.academy.components.FractalImageTest" time="0.002"/>
  <testcase name="pixel_shouldReturnNullForInvalidCoordinates" classname="backend.academy.components.FractalImageTest" time="0.002"/>
</testsuite>